10/10/2022 10:36:38 AM Info Project 'Wilhoit Properties' created successfully and added to workspace
10/10/2022 10:36:38 AM Info Loading scenario ID: d2fa89db-1251-4bdf-b1bf-4b96016aaea4, URI: http://localhost:9098/Scenarios/d2fa89db-1251-4bdf-b1bf-4b96016aaea4/Index.html
10/10/2022 10:38:03 AM Info Clear all Config Template answers
10/10/2022 10:38:03 AM Info Save Config Template answers for active project
10/10/2022 10:38:03 AM Info !ConfigureTemplate, Value: true
10/10/2022 10:38:03 AM Info !EnableSharedPC, Value: false
10/10/2022 10:38:03 AM Info !enableDeviceSharing_display, Value: 
10/10/2022 10:38:03 AM Info !disableDeviceSharing, Value: 
10/10/2022 10:38:03 AM Info SharedPC//EnableSharedPCMode, Value: true
10/10/2022 10:38:03 AM Info SharedPC//AccountManagement//DeletionPolicy, Value: 2
10/10/2022 10:38:03 AM Info SharedPC//AccountManagement//AccountModel, Value: 2
10/10/2022 10:38:03 AM Info SharedPC//AccountManagement//DiskLevelCaching, Value: 50
10/10/2022 10:38:03 AM Info SharedPC/AccountManagement/DiskLevelCaching, Value: 25
10/10/2022 10:38:03 AM Info SharedPC//AccountManagement//EnableAccountManager, Value: true
10/10/2022 10:38:03 AM Info SharedPC//ConfigureApplications, Value: true
10/10/2022 10:38:03 AM Info SharedPC//PolicyCustomization//SetEduPolicies, Value: true
10/10/2022 10:38:03 AM Info SharedPC//PolicyCustomization//SetPowerPolicies, Value: true
10/10/2022 10:38:03 AM Info SharedPC//PolicyCustomization//SignInOnResume, Value: true
10/10/2022 10:38:03 AM Info Policies//ApplicationManagement//AllowAllTrustedApps, Value: 0
10/10/2022 10:38:03 AM Info Policies//ApplicationManagement//AllowDeveloperUnlock, Value: 0
10/10/2022 10:38:03 AM Info Policies//Experience//AllowManualMDMUnenrollment, Value: 0
10/10/2022 10:38:03 AM Info Policies//Security//AllowAddProvisioningPackage, Value: 0
10/10/2022 10:38:03 AM Info Policies//Security//AllowRemoveProvisioningPackage, Value: 0
10/10/2022 10:38:03 AM Info Policies//Update//AllowAutoUpdate, Value: 4
10/10/2022 10:38:03 AM Info !EnableCleanPC, Value: true
10/10/2022 10:38:03 AM Info CleanPC//CleanPCWithoutRetainingUserData, Value: 1
10/10/2022 10:38:03 AM Info !EnableCleanPcDisplayFalse, Value: 
10/10/2022 10:38:03 AM Info OOBE/Desktop/HideOOBE, Value: true
10/10/2022 10:38:03 AM Info DevDetail//DNSComputerName, Value: CHANGE_ME
10/10/2022 10:38:03 AM Info !ConfigureTemplate, Value: true
10/10/2022 10:38:03 AM Info !ConfigureWiFi, Value: false
10/10/2022 10:38:03 AM Info !configureWiFi_transparent, Value: 
10/10/2022 10:38:03 AM Info !SecurityType, Value: 
10/10/2022 10:38:03 AM Info !ConfigureTemplate, Value: true
10/10/2022 10:38:03 AM Info !domainJoin, Value: domainJoin.3
10/10/2022 10:38:03 AM Info bprtExpiry, Value: 2023-04-08T15:36:50.504Z
10/10/2022 10:38:03 AM Info !admin_usergroup, Value: 2
10/10/2022 10:38:03 AM Info Accounts//Users, Value: Cosentustech
10/10/2022 10:38:03 AM Info !admin_password, Value: D0ntt3l1!
10/10/2022 10:38:03 AM Info Accounts//Users//Cosentustech//Password, Value: D0ntt3l1!
10/10/2022 10:38:03 AM Info Accounts//Users//Cosentustech//UserGroup, Value: 2
10/10/2022 10:38:03 AM Info !ConfigureTemplate, Value: true
10/10/2022 10:38:03 AM Info !SetupApplications, Value: true
10/10/2022 10:38:03 AM Info ProvisioningCommands//PrimaryContext//Command, Value: [[{"Path":"ProvisioningCommands//PrimaryContext//Command//CommandFile","Answer":"\\\\ATS-FILE\\Software\\Wilhoit setup\\Enable 3.5.bat","IsActive":true},{"Path":"ProvisioningCommands//PrimaryContext//Command//ReturnCodeSuccess","Answer":0,"IsActive":true},{"Path":"ProvisioningCommands//PrimaryContext//Command//ReturnCodeRestart","Answer":3010,"IsActive":true},{"Path":"ProvisioningCommands//PrimaryContext//Command//RestartRequired","Answer":false,"IsActive":true},{"Path":"ProvisioningCommands//PrimaryContext//Command//ContinueInstall","Answer":true,"IsActive":true},{"Path":"ProvisioningCommands//PrimaryContext//Command//CommandLine","Answer":"cmd /c \"enable 3.5.bat\"","IsActive":true},{"Path":"ProvisioningCommands//PrimaryContext//Command//ListItemName","Answer":".Net 3.5","IsActive":true}],[{"Path":"ProvisioningCommands//PrimaryContext//Command//CommandFile","Answer":"\\\\ATS-FILE\\Software\\Wilhoit setup\\Command Agent install.bat","IsActive":true},{"Path":"ProvisioningCommands//PrimaryContext//Command//ReturnCodeSuccess","Answer":0,"IsActive":true},{"Path":"ProvisioningCommands//PrimaryContext//Command//ReturnCodeRestart","Answer":3010,"IsActive":true},{"Path":"ProvisioningCommands//PrimaryContext//Command//RestartRequired","Answer":false,"IsActive":true},{"Path":"ProvisioningCommands//PrimaryContext//Command//ContinueInstall","Answer":true,"IsActive":true},{"Path":"ProvisioningCommands//PrimaryContext//Command//CommandLine","Answer":"cmd /c \"command agent install.bat\"","IsActive":true},{"Path":"ProvisioningCommands//PrimaryContext//Command//ListItemName","Answer":"Command Install","IsActive":true}],[{"Path":"ProvisioningCommands//PrimaryContext//Command//CommandFile","Answer":"\\\\ATS-FILE\\Software\\Wilhoit setup\\readerdc64_en_xa_cra_install.exe","IsActive":true},{"Path":"ProvisioningCommands//PrimaryContext//Command//ReturnCodeSuccess","Answer":0,"IsActive":true},{"Path":"ProvisioningCommands//PrimaryContext//Command//ReturnCodeRestart","Answer":3010,"IsActive":true},{"Path":"ProvisioningCommands//PrimaryContext//Command//RestartRequired","Answer":false,"IsActive":true},{"Path":"ProvisioningCommands//PrimaryContext//Command//ContinueInstall","Answer":true,"IsActive":true},{"Path":"ProvisioningCommands//PrimaryContext//Command//CommandLine","Answer":"cmd /c \"readerdc64_en_xa_cra_install.exe\"","IsActive":true},{"Path":"ProvisioningCommands//PrimaryContext//Command//ListItemName","Answer":"Adobe Reader","IsActive":true}],[{"Path":"ProvisioningCommands//PrimaryContext//Command//CommandFile","Answer":"\\\\ATS-FILE\\Software\\Wilhoit setup\\TellerScan_Installer.exe","IsActive":true},{"Path":"ProvisioningCommands//PrimaryContext//Command//ReturnCodeSuccess","Answer":0,"IsActive":true},{"Path":"ProvisioningCommands//PrimaryContext//Command//ReturnCodeRestart","Answer":3010,"IsActive":true},{"Path":"ProvisioningCommands//PrimaryContext//Command//RestartRequired","Answer":false,"IsActive":true},{"Path":"ProvisioningCommands//PrimaryContext//Command//ContinueInstall","Answer":true,"IsActive":true},{"Path":"ProvisioningCommands//PrimaryContext//Command//CommandLine","Answer":"cmd /c \"tellerscan_installer.exe\"","IsActive":true},{"Path":"ProvisioningCommands//PrimaryContext//Command//ListItemName","Answer":"Check Scanner Driver","IsActive":true}]]
10/10/2022 10:38:03 AM Info UniversalAppInstall//DeviceContextApp, Value: []
10/10/2022 10:38:03 AM Info UniversalAppInstall//DeviceContextAppLicense, Value: []
10/10/2022 10:38:03 AM Info Policies//ApplicationManagement//AllowAllTrustedApps, Value: 1
10/10/2022 10:38:03 AM Info !ConfigureTemplate, Value: true
10/10/2022 10:38:03 AM Info !SetupCertificates, Value: true
10/10/2022 10:38:03 AM Info Certificates//RootCertificates, Value: []
10/10/2022 10:38:03 AM Info Start provisioning package build
10/10/2022 10:38:04 AM Info Exporting customizations as a Provisioning Package to 'C:\Users\slassiter\AppData\Local\Temp\ICD_20221010-103804-341_11816.6_1781335612.1'
10/10/2022 10:38:04 AM Info Adding runtime settings to Provisioning Package
10/10/2022 10:38:04 AM Info CreateTempDirectory: Create directory: C:\Users\slassiter\AppData\Local\Temp\ICD_20221010-103804-386_11816.6_2019840201.2
10/10/2022 10:38:04 AM Info provxml writer, path = C:\Users\slassiter\AppData\Local\Temp\ICD_20221010-103804-386_11816.6_2019840201.2\Prov\RunTime\0__Accounts_Users_Cosentustech.provxml
10/10/2022 10:38:04 AM Info provxml writer, path = C:\Users\slassiter\AppData\Local\Temp\ICD_20221010-103804-386_11816.6_2019840201.2\Prov\RunTime\1__Policies_ApplicationManagement_AllowAllTrustedApps.provxml
10/10/2022 10:38:04 AM Info provxml writer, path = C:\Users\slassiter\AppData\Local\Temp\ICD_20221010-103804-386_11816.6_2019840201.2\Prov\RunTime\2__CleanPC.provxml
10/10/2022 10:38:04 AM Info provxml writer, path = C:\Users\slassiter\AppData\Local\Temp\ICD_20221010-103804-386_11816.6_2019840201.2\Prov\RunTime\3__DevDetail_DNSComputerName.provxml
10/10/2022 10:38:04 AM Info provxml writer, path = C:\Users\slassiter\AppData\Local\Temp\ICD_20221010-103804-386_11816.6_2019840201.2\Prov\RunTime\4__OOBE_Desktop_HideOobe.provxml
10/10/2022 10:38:04 AM Info provxml writer, path = C:\Users\slassiter\AppData\Local\Temp\ICD_20221010-103804-386_11816.6_2019840201.2\Prov\RunTime\5__ProvisioningCommands_PrimaryContext_Command_0_CommandFile.provxml
10/10/2022 10:38:04 AM Info provxml writer, path = C:\Users\slassiter\AppData\Local\Temp\ICD_20221010-103804-386_11816.6_2019840201.2\Prov\RunTime\6__ProvisioningCommands_PrimaryContext_Command_0_CommandLine.provxml
10/10/2022 10:38:04 AM Info provxml writer, path = C:\Users\slassiter\AppData\Local\Temp\ICD_20221010-103804-386_11816.6_2019840201.2\Prov\RunTime\7__ProvisioningCommands_PrimaryContext_Command_0_ContinueInstall.provxml
10/10/2022 10:38:04 AM Info provxml writer, path = C:\Users\slassiter\AppData\Local\Temp\ICD_20221010-103804-386_11816.6_2019840201.2\Prov\RunTime\8__ProvisioningCommands_PrimaryContext_Command_0_RestartRequired.provxml
10/10/2022 10:38:04 AM Info provxml writer, path = C:\Users\slassiter\AppData\Local\Temp\ICD_20221010-103804-386_11816.6_2019840201.2\Prov\RunTime\9__ProvisioningCommands_PrimaryContext_Command_0_ReturnCodeRestart.provxml
10/10/2022 10:38:04 AM Info provxml writer, path = C:\Users\slassiter\AppData\Local\Temp\ICD_20221010-103804-386_11816.6_2019840201.2\Prov\RunTime\10__ProvisioningCommands_PrimaryContext_Command_0_ReturnCodeSuccess.provxml
10/10/2022 10:38:04 AM Info provxml writer, path = C:\Users\slassiter\AppData\Local\Temp\ICD_20221010-103804-386_11816.6_2019840201.2\Prov\RunTime\11__ProvisioningCommands_PrimaryContext_Command_1_CommandFile.provxml
10/10/2022 10:38:04 AM Info provxml writer, path = C:\Users\slassiter\AppData\Local\Temp\ICD_20221010-103804-386_11816.6_2019840201.2\Prov\RunTime\12__ProvisioningCommands_PrimaryContext_Command_1_CommandLine.provxml
10/10/2022 10:38:04 AM Info provxml writer, path = C:\Users\slassiter\AppData\Local\Temp\ICD_20221010-103804-386_11816.6_2019840201.2\Prov\RunTime\13__ProvisioningCommands_PrimaryContext_Command_1_ContinueInstall.provxml
10/10/2022 10:38:04 AM Info provxml writer, path = C:\Users\slassiter\AppData\Local\Temp\ICD_20221010-103804-386_11816.6_2019840201.2\Prov\RunTime\14__ProvisioningCommands_PrimaryContext_Command_1_RestartRequired.provxml
10/10/2022 10:38:04 AM Info provxml writer, path = C:\Users\slassiter\AppData\Local\Temp\ICD_20221010-103804-386_11816.6_2019840201.2\Prov\RunTime\15__ProvisioningCommands_PrimaryContext_Command_1_ReturnCodeRestart.provxml
10/10/2022 10:38:04 AM Info provxml writer, path = C:\Users\slassiter\AppData\Local\Temp\ICD_20221010-103804-386_11816.6_2019840201.2\Prov\RunTime\16__ProvisioningCommands_PrimaryContext_Command_1_ReturnCodeSuccess.provxml
10/10/2022 10:38:04 AM Info provxml writer, path = C:\Users\slassiter\AppData\Local\Temp\ICD_20221010-103804-386_11816.6_2019840201.2\Prov\RunTime\17__ProvisioningCommands_PrimaryContext_Command_2_CommandFile.provxml
10/10/2022 10:38:04 AM Info provxml writer, path = C:\Users\slassiter\AppData\Local\Temp\ICD_20221010-103804-386_11816.6_2019840201.2\Prov\RunTime\18__ProvisioningCommands_PrimaryContext_Command_2_CommandLine.provxml
10/10/2022 10:38:04 AM Info provxml writer, path = C:\Users\slassiter\AppData\Local\Temp\ICD_20221010-103804-386_11816.6_2019840201.2\Prov\RunTime\19__ProvisioningCommands_PrimaryContext_Command_2_ContinueInstall.provxml
10/10/2022 10:38:04 AM Info provxml writer, path = C:\Users\slassiter\AppData\Local\Temp\ICD_20221010-103804-386_11816.6_2019840201.2\Prov\RunTime\20__ProvisioningCommands_PrimaryContext_Command_2_RestartRequired.provxml
10/10/2022 10:38:04 AM Info provxml writer, path = C:\Users\slassiter\AppData\Local\Temp\ICD_20221010-103804-386_11816.6_2019840201.2\Prov\RunTime\21__ProvisioningCommands_PrimaryContext_Command_2_ReturnCodeRestart.provxml
10/10/2022 10:38:04 AM Info provxml writer, path = C:\Users\slassiter\AppData\Local\Temp\ICD_20221010-103804-386_11816.6_2019840201.2\Prov\RunTime\22__ProvisioningCommands_PrimaryContext_Command_2_ReturnCodeSuccess.provxml
10/10/2022 10:38:04 AM Info provxml writer, path = C:\Users\slassiter\AppData\Local\Temp\ICD_20221010-103804-386_11816.6_2019840201.2\Prov\RunTime\23__ProvisioningCommands_PrimaryContext_Command_3_CommandFile.provxml
10/10/2022 10:38:04 AM Info provxml writer, path = C:\Users\slassiter\AppData\Local\Temp\ICD_20221010-103804-386_11816.6_2019840201.2\Prov\RunTime\24__ProvisioningCommands_PrimaryContext_Command_3_CommandLine.provxml
10/10/2022 10:38:04 AM Info provxml writer, path = C:\Users\slassiter\AppData\Local\Temp\ICD_20221010-103804-386_11816.6_2019840201.2\Prov\RunTime\25__ProvisioningCommands_PrimaryContext_Command_3_ContinueInstall.provxml
10/10/2022 10:38:04 AM Info provxml writer, path = C:\Users\slassiter\AppData\Local\Temp\ICD_20221010-103804-386_11816.6_2019840201.2\Prov\RunTime\26__ProvisioningCommands_PrimaryContext_Command_3_RestartRequired.provxml
10/10/2022 10:38:04 AM Info provxml writer, path = C:\Users\slassiter\AppData\Local\Temp\ICD_20221010-103804-386_11816.6_2019840201.2\Prov\RunTime\27__ProvisioningCommands_PrimaryContext_Command_3_ReturnCodeRestart.provxml
10/10/2022 10:38:04 AM Info provxml writer, path = C:\Users\slassiter\AppData\Local\Temp\ICD_20221010-103804-386_11816.6_2019840201.2\Prov\RunTime\28__ProvisioningCommands_PrimaryContext_Command_3_ReturnCodeSuccess.provxml
10/10/2022 10:38:04 AM Info Adding deployment settings to Provisioning Package
10/10/2022 10:38:04 AM Info Adding file assets to Provisioning Package
10/10/2022 10:38:04 AM Info Packaging file asset \\ATS-FILE\Software\Wilhoit setup\Enable 3.5.bat
10/10/2022 10:38:04 AM Info Sent message to all clients for project 9ddc1ed8-3eca-486a-92dd-83feac1198fd
10/10/2022 10:38:04 AM Info Packaging file asset \\ATS-FILE\Software\Wilhoit setup\Command Agent install.bat
10/10/2022 10:38:04 AM Info Sent message to all clients for project 9ddc1ed8-3eca-486a-92dd-83feac1198fd
10/10/2022 10:38:04 AM Info Packaging file asset \\ATS-FILE\Software\Wilhoit setup\readerdc64_en_xa_cra_install.exe
10/10/2022 10:38:04 AM Info Sent message to all clients for project 9ddc1ed8-3eca-486a-92dd-83feac1198fd
10/10/2022 10:38:04 AM Info Packaging file asset \\ATS-FILE\Software\Wilhoit setup\TellerScan_Installer.exe
10/10/2022 10:38:06 AM Info Sent message to all clients for project 9ddc1ed8-3eca-486a-92dd-83feac1198fd
10/10/2022 10:38:07 AM Info CopyFile: Source path: C:\Users\slassiter\AppData\Local\Temp\ICD_20221010-103806-847_11816.6_1987725179.cat, Target path: C:\Users\slassiter\OneDrive - Cosentus Technology Services\Documents\Windows Imaging and Configuration Designer (WICD)\Wilhoit Properties\Wilhoit Properties.cat
10/10/2022 10:38:07 AM Info CopyFile: Source path: C:\Users\slassiter\AppData\Local\Temp\ICD_20221010-103804-341_11816.6_1781335612.1, Target path: C:\Users\slassiter\OneDrive - Cosentus Technology Services\Documents\Windows Imaging and Configuration Designer (WICD)\Wilhoit Properties\Wilhoit Properties.ppkg
10/10/2022 10:38:07 AM Info DeleteFile: File '' does not exist
10/10/2022 10:38:07 AM Info DeleteFile: File 'C:\Users\slassiter\AppData\Local\Temp\ICD_20221010-103804-341_11816.6_1781335612.1' does not exist
10/10/2022 10:38:07 AM Info Provisioning package build is completed with result: Success
10/10/2022 10:38:07 AM Info Sent message to all clients for project 9ddc1ed8-3eca-486a-92dd-83feac1198fd
10/10/2022 10:39:48 AM Info Clear all Config Template answers
10/10/2022 10:39:48 AM Info Save Config Template answers for active project
10/10/2022 10:39:48 AM Info !ConfigureTemplate, Value: true
10/10/2022 10:39:48 AM Info !EnableSharedPC, Value: false
10/10/2022 10:39:48 AM Info !enableDeviceSharing_display, Value: 
10/10/2022 10:39:48 AM Info !disableDeviceSharing, Value: 
10/10/2022 10:39:48 AM Info SharedPC//EnableSharedPCMode, Value: true
10/10/2022 10:39:48 AM Info SharedPC//AccountManagement//DeletionPolicy, Value: 2
10/10/2022 10:39:48 AM Info SharedPC//AccountManagement//AccountModel, Value: 2
10/10/2022 10:39:48 AM Info SharedPC//AccountManagement//DiskLevelCaching, Value: 50
10/10/2022 10:39:48 AM Info SharedPC/AccountManagement/DiskLevelCaching, Value: 25
10/10/2022 10:39:48 AM Info SharedPC//AccountManagement//EnableAccountManager, Value: true
10/10/2022 10:39:48 AM Info SharedPC//ConfigureApplications, Value: true
10/10/2022 10:39:48 AM Info SharedPC//PolicyCustomization//SetEduPolicies, Value: true
10/10/2022 10:39:48 AM Info SharedPC//PolicyCustomization//SetPowerPolicies, Value: true
10/10/2022 10:39:48 AM Info SharedPC//PolicyCustomization//SignInOnResume, Value: true
10/10/2022 10:39:48 AM Info Policies//ApplicationManagement//AllowAllTrustedApps, Value: 0
10/10/2022 10:39:48 AM Info Policies//ApplicationManagement//AllowDeveloperUnlock, Value: 0
10/10/2022 10:39:48 AM Info Policies//Experience//AllowManualMDMUnenrollment, Value: 0
10/10/2022 10:39:48 AM Info Policies//Security//AllowAddProvisioningPackage, Value: 0
10/10/2022 10:39:48 AM Info Policies//Security//AllowRemoveProvisioningPackage, Value: 0
10/10/2022 10:39:48 AM Info Policies//Update//AllowAutoUpdate, Value: 4
10/10/2022 10:39:48 AM Info !EnableCleanPC, Value: true
10/10/2022 10:39:48 AM Info CleanPC//CleanPCWithoutRetainingUserData, Value: 1
10/10/2022 10:39:48 AM Info !EnableCleanPcDisplayFalse, Value: 
10/10/2022 10:39:48 AM Info OOBE/Desktop/HideOOBE, Value: true
10/10/2022 10:39:48 AM Info DevDetail//DNSComputerName, Value: CHANGE_ME
10/10/2022 10:39:48 AM Info !ConfigureTemplate, Value: true
10/10/2022 10:39:48 AM Info !ConfigureWiFi, Value: false
10/10/2022 10:39:48 AM Info !configureWiFi_transparent, Value: 
10/10/2022 10:39:48 AM Info !SecurityType, Value: 
10/10/2022 10:39:48 AM Info !ConfigureTemplate, Value: true
10/10/2022 10:39:48 AM Info !domainJoin, Value: domainJoin.3
10/10/2022 10:39:48 AM Info bprtExpiry, Value: 2023-04-08T15:36:50.504Z
10/10/2022 10:39:48 AM Info !admin_usergroup, Value: 2
10/10/2022 10:39:48 AM Info Accounts//Users, Value: Cosentustech
10/10/2022 10:39:48 AM Info !admin_password, Value: D0ntt3l1!
10/10/2022 10:39:48 AM Info Accounts//Users//Cosentustech//Password, Value: D0ntt3l1!
10/10/2022 10:39:48 AM Info Accounts//Users//Cosentustech//UserGroup, Value: 2
10/10/2022 10:39:48 AM Info !ConfigureTemplate, Value: true
10/10/2022 10:39:48 AM Info !SetupApplications, Value: true
10/10/2022 10:39:48 AM Info ProvisioningCommands//PrimaryContext//Command, Value: [[{"Path":"ProvisioningCommands//PrimaryContext//Command//CommandFile","Answer":"\\\\ATS-FILE\\Software\\Wilhoit setup\\Enable 3.5.bat","IsActive":true},{"Path":"ProvisioningCommands//PrimaryContext//Command//ReturnCodeSuccess","Answer":0,"IsActive":true},{"Path":"ProvisioningCommands//PrimaryContext//Command//ReturnCodeRestart","Answer":3010,"IsActive":true},{"Path":"ProvisioningCommands//PrimaryContext//Command//RestartRequired","Answer":false,"IsActive":true},{"Path":"ProvisioningCommands//PrimaryContext//Command//ContinueInstall","Answer":true,"IsActive":true},{"Path":"ProvisioningCommands//PrimaryContext//Command//CommandLine","Answer":"cmd /c \"enable 3.5.bat\"","IsActive":true},{"Path":"ProvisioningCommands//PrimaryContext//Command//ListItemName","Answer":".Net 3.5","IsActive":true}],[{"Path":"ProvisioningCommands//PrimaryContext//Command//CommandFile","Answer":"\\\\ATS-FILE\\Software\\Wilhoit setup\\Command Agent install.bat","IsActive":true},{"Path":"ProvisioningCommands//PrimaryContext//Command//ReturnCodeSuccess","Answer":0,"IsActive":true},{"Path":"ProvisioningCommands//PrimaryContext//Command//ReturnCodeRestart","Answer":3010,"IsActive":true},{"Path":"ProvisioningCommands//PrimaryContext//Command//RestartRequired","Answer":false,"IsActive":true},{"Path":"ProvisioningCommands//PrimaryContext//Command//ContinueInstall","Answer":true,"IsActive":true},{"Path":"ProvisioningCommands//PrimaryContext//Command//CommandLine","Answer":"cmd /c \"command agent install.bat\"","IsActive":true},{"Path":"ProvisioningCommands//PrimaryContext//Command//ListItemName","Answer":"Command Install","IsActive":true}],[{"Path":"ProvisioningCommands//PrimaryContext//Command//CommandFile","Answer":"\\\\ATS-FILE\\Software\\Wilhoit setup\\readerdc64_en_xa_cra_install.exe","IsActive":true},{"Path":"ProvisioningCommands//PrimaryContext//Command//ReturnCodeSuccess","Answer":0,"IsActive":true},{"Path":"ProvisioningCommands//PrimaryContext//Command//ReturnCodeRestart","Answer":3010,"IsActive":true},{"Path":"ProvisioningCommands//PrimaryContext//Command//RestartRequired","Answer":false,"IsActive":true},{"Path":"ProvisioningCommands//PrimaryContext//Command//ContinueInstall","Answer":true,"IsActive":true},{"Path":"ProvisioningCommands//PrimaryContext//Command//CommandLine","Answer":"cmd /c \"readerdc64_en_xa_cra_install.exe\"","IsActive":true},{"Path":"ProvisioningCommands//PrimaryContext//Command//ListItemName","Answer":"Adobe Reader","IsActive":true}],[{"Path":"ProvisioningCommands//PrimaryContext//Command//CommandFile","Answer":"\\\\ATS-FILE\\Software\\Wilhoit setup\\TellerScan_Installer.exe","IsActive":true},{"Path":"ProvisioningCommands//PrimaryContext//Command//ReturnCodeSuccess","Answer":0,"IsActive":true},{"Path":"ProvisioningCommands//PrimaryContext//Command//ReturnCodeRestart","Answer":3010,"IsActive":true},{"Path":"ProvisioningCommands//PrimaryContext//Command//RestartRequired","Answer":false,"IsActive":true},{"Path":"ProvisioningCommands//PrimaryContext//Command//ContinueInstall","Answer":true,"IsActive":true},{"Path":"ProvisioningCommands//PrimaryContext//Command//CommandLine","Answer":"cmd /c \"tellerscan_installer.exe\"","IsActive":true},{"Path":"ProvisioningCommands//PrimaryContext//Command//ListItemName","Answer":"Check Scanner Driver","IsActive":true}],[{"Path":"ProvisioningCommands//PrimaryContext//Command//CommandFile","Answer":"S:\\Wilhoit setup\\Apache_OpenOffice_4.1.11_Win_x86_install_en-US.exe","IsActive":true},{"Path":"ProvisioningCommands//PrimaryContext//Command//ReturnCodeSuccess","Answer":0,"IsActive":true},{"Path":"ProvisioningCommands//PrimaryContext//Command//ReturnCodeRestart","Answer":3010,"IsActive":true},{"Path":"ProvisioningCommands//PrimaryContext//Command//RestartRequired","Answer":false,"IsActive":true},{"Path":"ProvisioningCommands//PrimaryContext//Command//ContinueInstall","Answer":true,"IsActive":true},{"Path":"ProvisioningCommands//PrimaryContext//Command//CommandLine","Answer":"cmd /c \"apache_openoffice_4.1.11_win_x86_install_en-us.exe\"","IsActive":true},{"Path":"ProvisioningCommands//PrimaryContext//Command//ListItemName","Answer":"Open Office","IsActive":true}],[{"Path":"ProvisioningCommands//PrimaryContext//Command//ListItemName","Answer":"Office","IsActive":true},{"Path":"ProvisioningCommands//PrimaryContext//Command//CommandFile","Answer":"S:\\Wilhoit setup\\BusinessStandard x64.exe","IsActive":true},{"Path":"ProvisioningCommands//PrimaryContext//Command//ReturnCodeSuccess","Answer":0,"IsActive":true},{"Path":"ProvisioningCommands//PrimaryContext//Command//ReturnCodeRestart","Answer":3010,"IsActive":true},{"Path":"ProvisioningCommands//PrimaryContext//Command//RestartRequired","Answer":false,"IsActive":true},{"Path":"ProvisioningCommands//PrimaryContext//Command//ContinueInstall","Answer":true,"IsActive":true},{"Path":"ProvisioningCommands//PrimaryContext//Command//CommandLine","Answer":"cmd /c \"businessstandard x64.exe\"","IsActive":true}]]
10/10/2022 10:39:48 AM Info UniversalAppInstall//DeviceContextApp, Value: []
10/10/2022 10:39:48 AM Info UniversalAppInstall//DeviceContextAppLicense, Value: []
10/10/2022 10:39:48 AM Info Policies//ApplicationManagement//AllowAllTrustedApps, Value: 1
10/10/2022 10:39:49 AM Info !ConfigureTemplate, Value: true
10/10/2022 10:39:49 AM Info !SetupCertificates, Value: true
10/10/2022 10:39:49 AM Info Certificates//RootCertificates, Value: []
10/10/2022 10:39:49 AM Info Start provisioning package build
10/10/2022 10:39:53 AM Info Exporting customizations as a Provisioning Package to 'C:\Users\slassiter\AppData\Local\Temp\ICD_20221010-103953-900_11816.3_1748564997.5'
10/10/2022 10:39:53 AM Info Adding runtime settings to Provisioning Package
10/10/2022 10:39:53 AM Info CreateTempDirectory: Create directory: C:\Users\slassiter\AppData\Local\Temp\ICD_20221010-103953-961_11816.3_461569598.6
10/10/2022 10:39:53 AM Info provxml writer, path = C:\Users\slassiter\AppData\Local\Temp\ICD_20221010-103953-961_11816.3_461569598.6\Prov\RunTime\0__Accounts_Users_Cosentustech.provxml
10/10/2022 10:39:53 AM Info provxml writer, path = C:\Users\slassiter\AppData\Local\Temp\ICD_20221010-103953-961_11816.3_461569598.6\Prov\RunTime\1__Policies_ApplicationManagement_AllowAllTrustedApps.provxml
10/10/2022 10:39:53 AM Info provxml writer, path = C:\Users\slassiter\AppData\Local\Temp\ICD_20221010-103953-961_11816.3_461569598.6\Prov\RunTime\2__CleanPC.provxml
10/10/2022 10:39:53 AM Info provxml writer, path = C:\Users\slassiter\AppData\Local\Temp\ICD_20221010-103953-961_11816.3_461569598.6\Prov\RunTime\3__DevDetail_DNSComputerName.provxml
10/10/2022 10:39:54 AM Info provxml writer, path = C:\Users\slassiter\AppData\Local\Temp\ICD_20221010-103953-961_11816.3_461569598.6\Prov\RunTime\4__OOBE_Desktop_HideOobe.provxml
10/10/2022 10:39:54 AM Info provxml writer, path = C:\Users\slassiter\AppData\Local\Temp\ICD_20221010-103953-961_11816.3_461569598.6\Prov\RunTime\5__ProvisioningCommands_PrimaryContext_Command_0_CommandFile.provxml
10/10/2022 10:39:54 AM Info provxml writer, path = C:\Users\slassiter\AppData\Local\Temp\ICD_20221010-103953-961_11816.3_461569598.6\Prov\RunTime\6__ProvisioningCommands_PrimaryContext_Command_0_CommandLine.provxml
10/10/2022 10:39:54 AM Info provxml writer, path = C:\Users\slassiter\AppData\Local\Temp\ICD_20221010-103953-961_11816.3_461569598.6\Prov\RunTime\7__ProvisioningCommands_PrimaryContext_Command_0_ContinueInstall.provxml
10/10/2022 10:39:54 AM Info provxml writer, path = C:\Users\slassiter\AppData\Local\Temp\ICD_20221010-103953-961_11816.3_461569598.6\Prov\RunTime\8__ProvisioningCommands_PrimaryContext_Command_0_RestartRequired.provxml
10/10/2022 10:39:54 AM Info provxml writer, path = C:\Users\slassiter\AppData\Local\Temp\ICD_20221010-103953-961_11816.3_461569598.6\Prov\RunTime\9__ProvisioningCommands_PrimaryContext_Command_0_ReturnCodeRestart.provxml
10/10/2022 10:39:54 AM Info provxml writer, path = C:\Users\slassiter\AppData\Local\Temp\ICD_20221010-103953-961_11816.3_461569598.6\Prov\RunTime\10__ProvisioningCommands_PrimaryContext_Command_0_ReturnCodeSuccess.provxml
10/10/2022 10:39:54 AM Info provxml writer, path = C:\Users\slassiter\AppData\Local\Temp\ICD_20221010-103953-961_11816.3_461569598.6\Prov\RunTime\11__ProvisioningCommands_PrimaryContext_Command_1_CommandFile.provxml
10/10/2022 10:39:54 AM Info provxml writer, path = C:\Users\slassiter\AppData\Local\Temp\ICD_20221010-103953-961_11816.3_461569598.6\Prov\RunTime\12__ProvisioningCommands_PrimaryContext_Command_1_CommandLine.provxml
10/10/2022 10:39:54 AM Info provxml writer, path = C:\Users\slassiter\AppData\Local\Temp\ICD_20221010-103953-961_11816.3_461569598.6\Prov\RunTime\13__ProvisioningCommands_PrimaryContext_Command_1_ContinueInstall.provxml
10/10/2022 10:39:54 AM Info provxml writer, path = C:\Users\slassiter\AppData\Local\Temp\ICD_20221010-103953-961_11816.3_461569598.6\Prov\RunTime\14__ProvisioningCommands_PrimaryContext_Command_1_RestartRequired.provxml
10/10/2022 10:39:54 AM Info provxml writer, path = C:\Users\slassiter\AppData\Local\Temp\ICD_20221010-103953-961_11816.3_461569598.6\Prov\RunTime\15__ProvisioningCommands_PrimaryContext_Command_1_ReturnCodeRestart.provxml
10/10/2022 10:39:54 AM Info provxml writer, path = C:\Users\slassiter\AppData\Local\Temp\ICD_20221010-103953-961_11816.3_461569598.6\Prov\RunTime\16__ProvisioningCommands_PrimaryContext_Command_1_ReturnCodeSuccess.provxml
10/10/2022 10:39:54 AM Info provxml writer, path = C:\Users\slassiter\AppData\Local\Temp\ICD_20221010-103953-961_11816.3_461569598.6\Prov\RunTime\17__ProvisioningCommands_PrimaryContext_Command_2_CommandFile.provxml
10/10/2022 10:39:54 AM Info provxml writer, path = C:\Users\slassiter\AppData\Local\Temp\ICD_20221010-103953-961_11816.3_461569598.6\Prov\RunTime\18__ProvisioningCommands_PrimaryContext_Command_2_CommandLine.provxml
10/10/2022 10:39:54 AM Info provxml writer, path = C:\Users\slassiter\AppData\Local\Temp\ICD_20221010-103953-961_11816.3_461569598.6\Prov\RunTime\19__ProvisioningCommands_PrimaryContext_Command_2_ContinueInstall.provxml
10/10/2022 10:39:54 AM Info provxml writer, path = C:\Users\slassiter\AppData\Local\Temp\ICD_20221010-103953-961_11816.3_461569598.6\Prov\RunTime\20__ProvisioningCommands_PrimaryContext_Command_2_RestartRequired.provxml
10/10/2022 10:39:54 AM Info provxml writer, path = C:\Users\slassiter\AppData\Local\Temp\ICD_20221010-103953-961_11816.3_461569598.6\Prov\RunTime\21__ProvisioningCommands_PrimaryContext_Command_2_ReturnCodeRestart.provxml
10/10/2022 10:39:54 AM Info provxml writer, path = C:\Users\slassiter\AppData\Local\Temp\ICD_20221010-103953-961_11816.3_461569598.6\Prov\RunTime\22__ProvisioningCommands_PrimaryContext_Command_2_ReturnCodeSuccess.provxml
10/10/2022 10:39:54 AM Info provxml writer, path = C:\Users\slassiter\AppData\Local\Temp\ICD_20221010-103953-961_11816.3_461569598.6\Prov\RunTime\23__ProvisioningCommands_PrimaryContext_Command_3_CommandFile.provxml
10/10/2022 10:39:54 AM Info provxml writer, path = C:\Users\slassiter\AppData\Local\Temp\ICD_20221010-103953-961_11816.3_461569598.6\Prov\RunTime\24__ProvisioningCommands_PrimaryContext_Command_3_CommandLine.provxml
10/10/2022 10:39:54 AM Info provxml writer, path = C:\Users\slassiter\AppData\Local\Temp\ICD_20221010-103953-961_11816.3_461569598.6\Prov\RunTime\25__ProvisioningCommands_PrimaryContext_Command_3_ContinueInstall.provxml
10/10/2022 10:39:54 AM Info provxml writer, path = C:\Users\slassiter\AppData\Local\Temp\ICD_20221010-103953-961_11816.3_461569598.6\Prov\RunTime\26__ProvisioningCommands_PrimaryContext_Command_3_RestartRequired.provxml
10/10/2022 10:39:54 AM Info provxml writer, path = C:\Users\slassiter\AppData\Local\Temp\ICD_20221010-103953-961_11816.3_461569598.6\Prov\RunTime\27__ProvisioningCommands_PrimaryContext_Command_3_ReturnCodeRestart.provxml
10/10/2022 10:39:54 AM Info provxml writer, path = C:\Users\slassiter\AppData\Local\Temp\ICD_20221010-103953-961_11816.3_461569598.6\Prov\RunTime\28__ProvisioningCommands_PrimaryContext_Command_3_ReturnCodeSuccess.provxml
10/10/2022 10:39:54 AM Info provxml writer, path = C:\Users\slassiter\AppData\Local\Temp\ICD_20221010-103953-961_11816.3_461569598.6\Prov\RunTime\29__ProvisioningCommands_PrimaryContext_Command_4_CommandFile.provxml
10/10/2022 10:39:54 AM Info provxml writer, path = C:\Users\slassiter\AppData\Local\Temp\ICD_20221010-103953-961_11816.3_461569598.6\Prov\RunTime\30__ProvisioningCommands_PrimaryContext_Command_4_CommandLine.provxml
10/10/2022 10:39:54 AM Info provxml writer, path = C:\Users\slassiter\AppData\Local\Temp\ICD_20221010-103953-961_11816.3_461569598.6\Prov\RunTime\31__ProvisioningCommands_PrimaryContext_Command_4_ContinueInstall.provxml
10/10/2022 10:39:54 AM Info provxml writer, path = C:\Users\slassiter\AppData\Local\Temp\ICD_20221010-103953-961_11816.3_461569598.6\Prov\RunTime\32__ProvisioningCommands_PrimaryContext_Command_4_RestartRequired.provxml
10/10/2022 10:39:54 AM Info provxml writer, path = C:\Users\slassiter\AppData\Local\Temp\ICD_20221010-103953-961_11816.3_461569598.6\Prov\RunTime\33__ProvisioningCommands_PrimaryContext_Command_4_ReturnCodeRestart.provxml
10/10/2022 10:39:54 AM Info provxml writer, path = C:\Users\slassiter\AppData\Local\Temp\ICD_20221010-103953-961_11816.3_461569598.6\Prov\RunTime\34__ProvisioningCommands_PrimaryContext_Command_4_ReturnCodeSuccess.provxml
10/10/2022 10:39:54 AM Info provxml writer, path = C:\Users\slassiter\AppData\Local\Temp\ICD_20221010-103953-961_11816.3_461569598.6\Prov\RunTime\35__ProvisioningCommands_PrimaryContext_Command_5_CommandFile.provxml
10/10/2022 10:39:54 AM Info provxml writer, path = C:\Users\slassiter\AppData\Local\Temp\ICD_20221010-103953-961_11816.3_461569598.6\Prov\RunTime\36__ProvisioningCommands_PrimaryContext_Command_5_CommandLine.provxml
10/10/2022 10:39:54 AM Info provxml writer, path = C:\Users\slassiter\AppData\Local\Temp\ICD_20221010-103953-961_11816.3_461569598.6\Prov\RunTime\37__ProvisioningCommands_PrimaryContext_Command_5_ContinueInstall.provxml
10/10/2022 10:39:54 AM Info provxml writer, path = C:\Users\slassiter\AppData\Local\Temp\ICD_20221010-103953-961_11816.3_461569598.6\Prov\RunTime\38__ProvisioningCommands_PrimaryContext_Command_5_RestartRequired.provxml
10/10/2022 10:39:54 AM Info provxml writer, path = C:\Users\slassiter\AppData\Local\Temp\ICD_20221010-103953-961_11816.3_461569598.6\Prov\RunTime\39__ProvisioningCommands_PrimaryContext_Command_5_ReturnCodeRestart.provxml
10/10/2022 10:39:54 AM Info provxml writer, path = C:\Users\slassiter\AppData\Local\Temp\ICD_20221010-103953-961_11816.3_461569598.6\Prov\RunTime\40__ProvisioningCommands_PrimaryContext_Command_5_ReturnCodeSuccess.provxml
10/10/2022 10:39:54 AM Info Adding deployment settings to Provisioning Package
10/10/2022 10:39:54 AM Info Adding file assets to Provisioning Package
10/10/2022 10:39:54 AM Info Packaging file asset \\ATS-FILE\Software\Wilhoit setup\Enable 3.5.bat
10/10/2022 10:39:54 AM Info Sent message to all clients for project 9ddc1ed8-3eca-486a-92dd-83feac1198fd
10/10/2022 10:39:54 AM Info Packaging file asset \\ATS-FILE\Software\Wilhoit setup\Command Agent install.bat
10/10/2022 10:39:54 AM Info Sent message to all clients for project 9ddc1ed8-3eca-486a-92dd-83feac1198fd
10/10/2022 10:39:54 AM Info Packaging file asset \\ATS-FILE\Software\Wilhoit setup\readerdc64_en_xa_cra_install.exe
10/10/2022 10:39:54 AM Info Sent message to all clients for project 9ddc1ed8-3eca-486a-92dd-83feac1198fd
10/10/2022 10:39:54 AM Info Packaging file asset \\ATS-FILE\Software\Wilhoit setup\TellerScan_Installer.exe
10/10/2022 10:39:56 AM Info Sent message to all clients for project 9ddc1ed8-3eca-486a-92dd-83feac1198fd
10/10/2022 10:39:56 AM Info Packaging file asset S:\Wilhoit setup\Apache_OpenOffice_4.1.11_Win_x86_install_en-US.exe
10/10/2022 10:40:01 AM Info Sent message to all clients for project 9ddc1ed8-3eca-486a-92dd-83feac1198fd
10/10/2022 10:40:01 AM Info Packaging file asset S:\Wilhoit setup\BusinessStandard x64.exe
10/10/2022 10:40:01 AM Info Sent message to all clients for project 9ddc1ed8-3eca-486a-92dd-83feac1198fd
10/10/2022 10:40:04 AM Info CopyFile: File 'C:\Users\slassiter\OneDrive - Cosentus Technology Services\Documents\Windows Imaging and Configuration Designer (WICD)\Wilhoit Properties\Wilhoit Properties.cat' exist and called with overwrite
10/10/2022 10:40:04 AM Info CopyFile: Source path: C:\Users\slassiter\AppData\Local\Temp\ICD_20221010-104001-805_11816.3_979026534.cat, Target path: C:\Users\slassiter\OneDrive - Cosentus Technology Services\Documents\Windows Imaging and Configuration Designer (WICD)\Wilhoit Properties\Wilhoit Properties.cat
10/10/2022 10:40:04 AM Info CopyFile: File 'C:\Users\slassiter\OneDrive - Cosentus Technology Services\Documents\Windows Imaging and Configuration Designer (WICD)\Wilhoit Properties\Wilhoit Properties.ppkg' exist and called with overwrite
10/10/2022 10:40:04 AM Info CopyFile: Source path: C:\Users\slassiter\AppData\Local\Temp\ICD_20221010-103953-900_11816.3_1748564997.5, Target path: C:\Users\slassiter\OneDrive - Cosentus Technology Services\Documents\Windows Imaging and Configuration Designer (WICD)\Wilhoit Properties\Wilhoit Properties.ppkg
10/10/2022 10:40:04 AM Info DeleteFile: File '' does not exist
10/10/2022 10:40:04 AM Info DeleteFile: File 'C:\Users\slassiter\AppData\Local\Temp\ICD_20221010-103953-900_11816.3_1748564997.5' does not exist
10/10/2022 10:40:04 AM Info Provisioning package build is completed with result: Success
10/10/2022 10:40:04 AM Info Sent message to all clients for project 9ddc1ed8-3eca-486a-92dd-83feac1198fd
10/10/2022 11:39:25 AM Info Project 'Wilhoit Properties' created successfully and added to workspace
10/10/2022 11:39:25 AM Info Loading scenario ID: d2fa89db-1251-4bdf-b1bf-4b96016aaea4, URI: http://localhost:9098/Scenarios/d2fa89db-1251-4bdf-b1bf-4b96016aaea4/Index.html
10/10/2022 11:39:28 AM Error Exception occurred. Error: System.IO.InvalidDataException: SettingAnswer element does not have attribute: Answer
   at Microsoft.Windows.ICD.WebApi.Common.TemplateState.DeserializeSettingAnswers(XElement settingAnswers)
   at Microsoft.Windows.ICD.WebApi.Common.TemplateState.Deserialize(String templateAnswerFilePath)
   at Microsoft.Windows.ICD.WebApi.Controllers.TemplateAnswerController.<LoadAnswersAsync>d__0.MoveNext()
--- End of stack trace from previous location where exception was thrown ---
   at System.Runtime.CompilerServices.TaskAwaiter.ThrowForNonSuccess(Task task)
   at System.Runtime.CompilerServices.TaskAwaiter.HandleNonSuccessAndDebuggerNotification(Task task)
   at System.Threading.Tasks.TaskHelpersExtensions.<CastToObject>d__1`1.MoveNext()
--- End of stack trace from previous location where exception was thrown ---
   at System.Runtime.CompilerServices.TaskAwaiter.ThrowForNonSuccess(Task task)
   at System.Runtime.CompilerServices.TaskAwaiter.HandleNonSuccessAndDebuggerNotification(Task task)
   at System.Web.Http.Controllers.ApiControllerActionInvoker.<InvokeActionAsyncCore>d__1.MoveNext()
--- End of stack trace from previous location where exception was thrown ---
   at System.Runtime.CompilerServices.TaskAwaiter.ThrowForNonSuccess(Task task)
   at System.Runtime.CompilerServices.TaskAwaiter.HandleNonSuccessAndDebuggerNotification(Task task)
   at System.Web.Http.Controllers.ActionFilterResult.<ExecuteAsync>d__5.MoveNext()
--- End of stack trace from previous location where exception was thrown ---
   at System.Runtime.CompilerServices.TaskAwaiter.ThrowForNonSuccess(Task task)
   at System.Runtime.CompilerServices.TaskAwaiter.HandleNonSuccessAndDebuggerNotification(Task task)
   at System.Web.Http.Controllers.ExceptionFilterResult.<ExecuteAsync>d__6.MoveNext()
11/11/2022 9:31:46 AM Info Project 'Wilhoit Properties' created successfully and added to workspace
11/11/2022 9:31:46 AM Info Loading scenario ID: d2fa89db-1251-4bdf-b1bf-4b96016aaea4, URI: http://localhost:9098/Scenarios/d2fa89db-1251-4bdf-b1bf-4b96016aaea4/Index.html
11/11/2022 9:31:46 AM Error Exception occurred. Error: System.IO.InvalidDataException: SettingAnswer element does not have attribute: Answer
   at Microsoft.Windows.ICD.WebApi.Common.TemplateState.DeserializeSettingAnswers(XElement settingAnswers)
   at Microsoft.Windows.ICD.WebApi.Common.TemplateState.Deserialize(String templateAnswerFilePath)
   at Microsoft.Windows.ICD.WebApi.Controllers.TemplateAnswerController.<LoadAnswersAsync>d__0.MoveNext()
--- End of stack trace from previous location where exception was thrown ---
   at System.Runtime.CompilerServices.TaskAwaiter.ThrowForNonSuccess(Task task)
   at System.Runtime.CompilerServices.TaskAwaiter.HandleNonSuccessAndDebuggerNotification(Task task)
   at System.Threading.Tasks.TaskHelpersExtensions.<CastToObject>d__1`1.MoveNext()
--- End of stack trace from previous location where exception was thrown ---
   at System.Runtime.CompilerServices.TaskAwaiter.ThrowForNonSuccess(Task task)
   at System.Runtime.CompilerServices.TaskAwaiter.HandleNonSuccessAndDebuggerNotification(Task task)
   at System.Web.Http.Controllers.ApiControllerActionInvoker.<InvokeActionAsyncCore>d__1.MoveNext()
--- End of stack trace from previous location where exception was thrown ---
   at System.Runtime.CompilerServices.TaskAwaiter.ThrowForNonSuccess(Task task)
   at System.Runtime.CompilerServices.TaskAwaiter.HandleNonSuccessAndDebuggerNotification(Task task)
   at System.Web.Http.Controllers.ActionFilterResult.<ExecuteAsync>d__5.MoveNext()
--- End of stack trace from previous location where exception was thrown ---
   at System.Runtime.CompilerServices.TaskAwaiter.ThrowForNonSuccess(Task task)
   at System.Runtime.CompilerServices.TaskAwaiter.HandleNonSuccessAndDebuggerNotification(Task task)
   at System.Web.Http.Controllers.ExceptionFilterResult.<ExecuteAsync>d__6.MoveNext()
11/11/2022 10:12:22 AM Info Clear all Config Template answers
11/11/2022 10:12:22 AM Info Save Config Template answers for active project
11/11/2022 10:12:22 AM Info !ConfigureTemplate, Value: true
11/11/2022 10:12:22 AM Info !EnableSharedPC, Value: false
11/11/2022 10:12:22 AM Info !enableDeviceSharing_display, Value: 
11/11/2022 10:12:22 AM Info !disableDeviceSharing, Value: 
11/11/2022 10:12:22 AM Info SharedPC//EnableSharedPCMode, Value: true
11/11/2022 10:12:22 AM Info SharedPC//AccountManagement//DeletionPolicy, Value: 2
11/11/2022 10:12:22 AM Info SharedPC//AccountManagement//AccountModel, Value: 2
11/11/2022 10:12:22 AM Info SharedPC//AccountManagement//DiskLevelCaching, Value: 50
11/11/2022 10:12:22 AM Info SharedPC/AccountManagement/DiskLevelCaching, Value: 25
11/11/2022 10:12:22 AM Info SharedPC//AccountManagement//EnableAccountManager, Value: true
11/11/2022 10:12:22 AM Info SharedPC//ConfigureApplications, Value: true
11/11/2022 10:12:22 AM Info SharedPC//PolicyCustomization//SetEduPolicies, Value: true
11/11/2022 10:12:22 AM Info SharedPC//PolicyCustomization//SetPowerPolicies, Value: true
11/11/2022 10:12:22 AM Info SharedPC//PolicyCustomization//SignInOnResume, Value: true
11/11/2022 10:12:22 AM Info Policies//ApplicationManagement//AllowAllTrustedApps, Value: 0
11/11/2022 10:12:22 AM Info Policies//ApplicationManagement//AllowDeveloperUnlock, Value: 0
11/11/2022 10:12:22 AM Info Policies//Experience//AllowManualMDMUnenrollment, Value: 0
11/11/2022 10:12:22 AM Info Policies//Security//AllowAddProvisioningPackage, Value: 0
11/11/2022 10:12:22 AM Info Policies//Security//AllowRemoveProvisioningPackage, Value: 0
11/11/2022 10:12:22 AM Info Policies//Update//AllowAutoUpdate, Value: 4
11/11/2022 10:12:22 AM Info !EnableCleanPC, Value: false
11/11/2022 10:12:22 AM Info CleanPC//CleanPCWithoutRetainingUserData, Value: 1
11/11/2022 10:12:22 AM Info !EnableCleanPcDisplayFalse, Value: 
11/11/2022 10:12:22 AM Info OOBE/Desktop/HideOOBE, Value: true
11/11/2022 10:12:22 AM Info DevDetail//DNSComputerName, Value: Change_ME
11/11/2022 10:12:22 AM Info !ConfigureTemplate, Value: true
11/11/2022 10:12:22 AM Info !ConfigureWiFi, Value: false
11/11/2022 10:12:22 AM Info !configureWiFi_transparent, Value: 
11/11/2022 10:12:22 AM Info !SecurityType, Value: 
11/11/2022 10:12:22 AM Info !ConfigureTemplate, Value: true
11/11/2022 10:12:22 AM Info !domainJoin, Value: domainJoin.3
11/11/2022 10:12:22 AM Info bprtExpiry, Value: 2023-05-10T15:32:00.885Z
11/11/2022 10:12:22 AM Info !admin_usergroup, Value: 2
11/11/2022 10:12:22 AM Info Accounts//Users, Value: CosentusTech
11/11/2022 10:12:22 AM Info !admin_password, Value: D0ntt3l1!
11/11/2022 10:12:22 AM Info Accounts//Users//CosentusTech//Password, Value: D0ntt3l1!
11/11/2022 10:12:22 AM Info Accounts//Users//CosentusTech//UserGroup, Value: 2
11/11/2022 10:12:22 AM Info !ConfigureTemplate, Value: true
11/11/2022 10:12:22 AM Info !SetupApplications, Value: true
11/11/2022 10:12:22 AM Info ProvisioningCommands//PrimaryContext//Command, Value: []
11/11/2022 10:12:22 AM Info UniversalAppInstall//DeviceContextApp, Value: []
11/11/2022 10:12:22 AM Info UniversalAppInstall//DeviceContextAppLicense, Value: []
11/11/2022 10:12:22 AM Info Policies//ApplicationManagement//AllowAllTrustedApps, Value: 1
11/11/2022 10:12:22 AM Info !ConfigureTemplate, Value: true
11/11/2022 10:12:22 AM Info !SetupCertificates, Value: true
11/11/2022 10:12:22 AM Info Certificates//RootCertificates, Value: []
11/11/2022 10:12:22 AM Info Start provisioning package build
11/11/2022 10:12:22 AM Info Exporting customizations as a Provisioning Package to 'C:\Users\slassiter\AppData\Local\Temp\ICD_20221111-101222-441_4340.5_855262711.1'
11/11/2022 10:12:22 AM Info Adding runtime settings to Provisioning Package
11/11/2022 10:12:22 AM Info CreateTempDirectory: Create directory: C:\Users\slassiter\AppData\Local\Temp\ICD_20221111-101222-480_4340.5_38464666.2
11/11/2022 10:12:22 AM Info provxml writer, path = C:\Users\slassiter\AppData\Local\Temp\ICD_20221111-101222-480_4340.5_38464666.2\Prov\RunTime\0__Accounts_Users_CosentusTech.provxml
11/11/2022 10:12:22 AM Info provxml writer, path = C:\Users\slassiter\AppData\Local\Temp\ICD_20221111-101222-480_4340.5_38464666.2\Prov\RunTime\1__Policies_ApplicationManagement_AllowAllTrustedApps.provxml
11/11/2022 10:12:22 AM Info provxml writer, path = C:\Users\slassiter\AppData\Local\Temp\ICD_20221111-101222-480_4340.5_38464666.2\Prov\RunTime\2__DevDetail_DNSComputerName.provxml
11/11/2022 10:12:22 AM Info provxml writer, path = C:\Users\slassiter\AppData\Local\Temp\ICD_20221111-101222-480_4340.5_38464666.2\Prov\RunTime\3__OOBE_Desktop_HideOobe.provxml
11/11/2022 10:12:22 AM Info Adding deployment settings to Provisioning Package
11/11/2022 10:12:22 AM Info Adding file assets to Provisioning Package
11/11/2022 10:12:22 AM Info CopyFile: File 'C:\Users\slassiter\OneDrive - Cosentus Technology Services\Documents\Windows Imaging and Configuration Designer (WICD)\Wilhoit Properties\Wilhoit Properties.cat' exist and called with overwrite
11/11/2022 10:12:22 AM Info CopyFile: Source path: C:\Users\slassiter\AppData\Local\Temp\ICD_20221111-101222-622_4340.5_1330641568.cat, Target path: C:\Users\slassiter\OneDrive - Cosentus Technology Services\Documents\Windows Imaging and Configuration Designer (WICD)\Wilhoit Properties\Wilhoit Properties.cat
11/11/2022 10:12:22 AM Info CopyFile: File 'C:\Users\slassiter\OneDrive - Cosentus Technology Services\Documents\Windows Imaging and Configuration Designer (WICD)\Wilhoit Properties\Wilhoit Properties.ppkg' exist and called with overwrite
11/11/2022 10:12:22 AM Info CopyFile: Source path: C:\Users\slassiter\AppData\Local\Temp\ICD_20221111-101222-441_4340.5_855262711.1, Target path: C:\Users\slassiter\OneDrive - Cosentus Technology Services\Documents\Windows Imaging and Configuration Designer (WICD)\Wilhoit Properties\Wilhoit Properties.ppkg
11/11/2022 10:12:22 AM Info DeleteFile: File '' does not exist
11/11/2022 10:12:22 AM Info DeleteFile: File 'C:\Users\slassiter\AppData\Local\Temp\ICD_20221111-101222-441_4340.5_855262711.1' does not exist
11/11/2022 10:12:22 AM Info Provisioning package build is completed with result: Success
11/11/2022 10:12:22 AM Info Sent message to all clients for project 9ddc1ed8-3eca-486a-92dd-83feac1198fd
