10/10/2022 10:35:44 AM Info ICD Started
10/10/2022 10:35:56 AM Warning Image customization functionality is disabled because imaging tools are not installed.
10/10/2022 10:35:56 AM Warning Exception on reading AutoLaunchConfigScenarioId. The key 'AutoLaunchConfigScenarioId' does not exist in the appSettings configuration section.
10/10/2022 10:35:56 AM Warning Exception on reading SUSPCAriaIngestionKey. The key 'SUSPCAriaIngestionKey' does not exist in the appSettings configuration section.
10/10/2022 10:35:56 AM Warning Exception on reading ICDWindowTitle. The key 'ICDWindowTitle' does not exist in the appSettings configuration section.
10/10/2022 10:35:56 AM Warning Exception on reading ICDWindowHeight. The key 'ICDWindowHeight' does not exist in the appSettings configuration section.
10/10/2022 10:35:56 AM Warning Exception on reading ICDWindowWidth. The key 'ICDWindowWidth' does not exist in the appSettings configuration section.
10/10/2022 10:35:56 AM Warning Exception on reading ICDWindowMinHeight. The key 'ICDWindowMinHeight' does not exist in the appSettings configuration section.
10/10/2022 10:35:56 AM Warning Exception on reading ICDWindowMinWidth. The key 'ICDWindowMinWidth' does not exist in the appSettings configuration section.
10/10/2022 10:35:56 AM Warning Exception on reading ICDWindowState. The key 'ICDWindowState' does not exist in the appSettings configuration section.
10/10/2022 10:36:00 AM Info Project 'C:\Users\slassiter\OneDrive - Cosentus Technology Services\Documents\Windows Imaging and Configuration Designer (WICD)\Generic Win10\Generic Win10.icdproj.xml' loaded successfully
10/10/2022 10:36:00 AM Info Loaded Knobs schema hive at C:\Program Files\WindowsApps\Microsoft.WindowsConfigurationDesigner_2022.822.0.0_x86__8wekyb3d8bbwe\icd\Microsoft-Common-Provisioning.dat
10/10/2022 10:36:00 AM Error WpxGetFileEdition (onecore\base\ntsetup\wpx\core\store.cpp:103) - 0x80070002:
10/10/2022 10:36:00 AM Error     No SKU information file C:\Program Files\WindowsApps\Microsoft.WindowsConfigurationDesigner_2022.822.0.0_x86__8wekyb3d8bbwe\icd\Microsoft-Common-Provisioning.sku.xml available for store file C:\Program Files\WindowsApps\Microsoft.WindowsConfigurationDesigner_2022.822.0.0_x86__8wekyb3d8bbwe\icd\Microsoft-Common-Provisioning.dat
10/10/2022 10:36:00 AM Info Loaded settings from Windows Unknown Unknown
10/10/2022 10:36:00 AM Info Loaded Knobs schema hive at C:\Program Files\WindowsApps\Microsoft.WindowsConfigurationDesigner_2022.822.0.0_x86__8wekyb3d8bbwe\icd\Microsoft-Desktop-Provisioning.dat
10/10/2022 10:36:00 AM Error WpxGetFileEdition (onecore\base\ntsetup\wpx\core\store.cpp:103) - 0x80070002:
10/10/2022 10:36:00 AM Error     No SKU information file C:\Program Files\WindowsApps\Microsoft.WindowsConfigurationDesigner_2022.822.0.0_x86__8wekyb3d8bbwe\icd\Microsoft-Desktop-Provisioning.sku.xml available for store file C:\Program Files\WindowsApps\Microsoft.WindowsConfigurationDesigner_2022.822.0.0_x86__8wekyb3d8bbwe\icd\Microsoft-Desktop-Provisioning.dat
10/10/2022 10:36:00 AM Info Loaded settings from Windows Unknown Unknown
10/10/2022 10:36:03 AM Info Project 'C:\Users\slassiter\OneDrive - Cosentus Technology Services\Documents\Windows Imaging and Configuration Designer (WICD)\Wilhoit\Wilhoit.icdproj.xml' loaded successfully
10/10/2022 10:36:03 AM Info Loaded Knobs schema hive at C:\Program Files\WindowsApps\Microsoft.WindowsConfigurationDesigner_2022.822.0.0_x86__8wekyb3d8bbwe\icd\Microsoft-Common-Provisioning.dat
10/10/2022 10:36:03 AM Error WpxGetFileEdition (onecore\base\ntsetup\wpx\core\store.cpp:103) - 0x80070002:
10/10/2022 10:36:03 AM Error     No SKU information file C:\Program Files\WindowsApps\Microsoft.WindowsConfigurationDesigner_2022.822.0.0_x86__8wekyb3d8bbwe\icd\Microsoft-Common-Provisioning.sku.xml available for store file C:\Program Files\WindowsApps\Microsoft.WindowsConfigurationDesigner_2022.822.0.0_x86__8wekyb3d8bbwe\icd\Microsoft-Common-Provisioning.dat
10/10/2022 10:36:03 AM Info Loaded settings from Windows Unknown Unknown
10/10/2022 10:36:03 AM Info Loaded Knobs schema hive at C:\Program Files\WindowsApps\Microsoft.WindowsConfigurationDesigner_2022.822.0.0_x86__8wekyb3d8bbwe\icd\Microsoft-Desktop-Provisioning.dat
10/10/2022 10:36:03 AM Error WpxGetFileEdition (onecore\base\ntsetup\wpx\core\store.cpp:103) - 0x80070002:
10/10/2022 10:36:03 AM Error     No SKU information file C:\Program Files\WindowsApps\Microsoft.WindowsConfigurationDesigner_2022.822.0.0_x86__8wekyb3d8bbwe\icd\Microsoft-Desktop-Provisioning.sku.xml available for store file C:\Program Files\WindowsApps\Microsoft.WindowsConfigurationDesigner_2022.822.0.0_x86__8wekyb3d8bbwe\icd\Microsoft-Desktop-Provisioning.dat
10/10/2022 10:36:03 AM Info Loaded settings from Windows Unknown Unknown
10/10/2022 10:36:37 AM Info Loaded Knobs schema hive at C:\Program Files\WindowsApps\Microsoft.WindowsConfigurationDesigner_2022.822.0.0_x86__8wekyb3d8bbwe\icd\Microsoft-Common-Provisioning.dat
10/10/2022 10:36:37 AM Error WpxGetFileEdition (onecore\base\ntsetup\wpx\core\store.cpp:103) - 0x80070002:
10/10/2022 10:36:37 AM Error     No SKU information file C:\Program Files\WindowsApps\Microsoft.WindowsConfigurationDesigner_2022.822.0.0_x86__8wekyb3d8bbwe\icd\Microsoft-Common-Provisioning.sku.xml available for store file C:\Program Files\WindowsApps\Microsoft.WindowsConfigurationDesigner_2022.822.0.0_x86__8wekyb3d8bbwe\icd\Microsoft-Common-Provisioning.dat
10/10/2022 10:36:37 AM Info Loaded settings from Windows Unknown Unknown
10/10/2022 10:36:37 AM Info Loaded Knobs schema hive at C:\Program Files\WindowsApps\Microsoft.WindowsConfigurationDesigner_2022.822.0.0_x86__8wekyb3d8bbwe\icd\Microsoft-Desktop-Provisioning.dat
10/10/2022 10:36:37 AM Error WpxGetFileEdition (onecore\base\ntsetup\wpx\core\store.cpp:103) - 0x80070002:
10/10/2022 10:36:37 AM Error     No SKU information file C:\Program Files\WindowsApps\Microsoft.WindowsConfigurationDesigner_2022.822.0.0_x86__8wekyb3d8bbwe\icd\Microsoft-Desktop-Provisioning.sku.xml available for store file C:\Program Files\WindowsApps\Microsoft.WindowsConfigurationDesigner_2022.822.0.0_x86__8wekyb3d8bbwe\icd\Microsoft-Desktop-Provisioning.dat
10/10/2022 10:36:37 AM Info Loaded settings from Windows Unknown Unknown
10/10/2022 11:39:02 AM Info ICD Started
10/10/2022 11:39:18 AM Warning Image customization functionality is disabled because imaging tools are not installed.
10/10/2022 11:39:18 AM Warning Exception on reading AutoLaunchConfigScenarioId. The key 'AutoLaunchConfigScenarioId' does not exist in the appSettings configuration section.
10/10/2022 11:39:18 AM Warning Exception on reading SUSPCAriaIngestionKey. The key 'SUSPCAriaIngestionKey' does not exist in the appSettings configuration section.
10/10/2022 11:39:18 AM Warning Exception on reading ICDWindowTitle. The key 'ICDWindowTitle' does not exist in the appSettings configuration section.
10/10/2022 11:39:18 AM Warning Exception on reading ICDWindowHeight. The key 'ICDWindowHeight' does not exist in the appSettings configuration section.
10/10/2022 11:39:18 AM Warning Exception on reading ICDWindowWidth. The key 'ICDWindowWidth' does not exist in the appSettings configuration section.
10/10/2022 11:39:18 AM Warning Exception on reading ICDWindowMinHeight. The key 'ICDWindowMinHeight' does not exist in the appSettings configuration section.
10/10/2022 11:39:18 AM Warning Exception on reading ICDWindowMinWidth. The key 'ICDWindowMinWidth' does not exist in the appSettings configuration section.
10/10/2022 11:39:18 AM Warning Exception on reading ICDWindowState. The key 'ICDWindowState' does not exist in the appSettings configuration section.
10/10/2022 11:39:23 AM Info Project 'C:\Users\slassiter\OneDrive - Cosentus Technology Services\Documents\Windows Imaging and Configuration Designer (WICD)\Wilhoit Properties\Wilhoit Properties.icdproj.xml' loaded successfully
10/10/2022 11:39:23 AM Info Loaded Knobs schema hive at C:\Program Files\WindowsApps\Microsoft.WindowsConfigurationDesigner_2022.822.0.0_x86__8wekyb3d8bbwe\icd\Microsoft-Common-Provisioning.dat
10/10/2022 11:39:23 AM Error WpxGetFileEdition (onecore\base\ntsetup\wpx\core\store.cpp:103) - 0x80070002:
10/10/2022 11:39:23 AM Error     No SKU information file C:\Program Files\WindowsApps\Microsoft.WindowsConfigurationDesigner_2022.822.0.0_x86__8wekyb3d8bbwe\icd\Microsoft-Common-Provisioning.sku.xml available for store file C:\Program Files\WindowsApps\Microsoft.WindowsConfigurationDesigner_2022.822.0.0_x86__8wekyb3d8bbwe\icd\Microsoft-Common-Provisioning.dat
10/10/2022 11:39:23 AM Info Loaded settings from Windows Unknown Unknown
10/10/2022 11:39:23 AM Info Loaded Knobs schema hive at C:\Program Files\WindowsApps\Microsoft.WindowsConfigurationDesigner_2022.822.0.0_x86__8wekyb3d8bbwe\icd\Microsoft-Desktop-Provisioning.dat
10/10/2022 11:39:23 AM Error WpxGetFileEdition (onecore\base\ntsetup\wpx\core\store.cpp:103) - 0x80070002:
10/10/2022 11:39:23 AM Error     No SKU information file C:\Program Files\WindowsApps\Microsoft.WindowsConfigurationDesigner_2022.822.0.0_x86__8wekyb3d8bbwe\icd\Microsoft-Desktop-Provisioning.sku.xml available for store file C:\Program Files\WindowsApps\Microsoft.WindowsConfigurationDesigner_2022.822.0.0_x86__8wekyb3d8bbwe\icd\Microsoft-Desktop-Provisioning.dat
10/10/2022 11:39:23 AM Info Loaded settings from Windows Unknown Unknown
10/10/2022 11:40:26 AM Info Project 'C:\Users\slassiter\OneDrive - Cosentus Technology Services\Documents\Windows Imaging and Configuration Designer (WICD)\Wilhoit\Wilhoit.icdproj.xml' loaded successfully
10/10/2022 11:40:26 AM Info Loaded Knobs schema hive at C:\Program Files\WindowsApps\Microsoft.WindowsConfigurationDesigner_2022.822.0.0_x86__8wekyb3d8bbwe\icd\Microsoft-Common-Provisioning.dat
10/10/2022 11:40:26 AM Error WpxGetFileEdition (onecore\base\ntsetup\wpx\core\store.cpp:103) - 0x80070002:
10/10/2022 11:40:26 AM Error     No SKU information file C:\Program Files\WindowsApps\Microsoft.WindowsConfigurationDesigner_2022.822.0.0_x86__8wekyb3d8bbwe\icd\Microsoft-Common-Provisioning.sku.xml available for store file C:\Program Files\WindowsApps\Microsoft.WindowsConfigurationDesigner_2022.822.0.0_x86__8wekyb3d8bbwe\icd\Microsoft-Common-Provisioning.dat
10/10/2022 11:40:26 AM Info Loaded settings from Windows Unknown Unknown
10/10/2022 11:40:26 AM Info Loaded Knobs schema hive at C:\Program Files\WindowsApps\Microsoft.WindowsConfigurationDesigner_2022.822.0.0_x86__8wekyb3d8bbwe\icd\Microsoft-Desktop-Provisioning.dat
10/10/2022 11:40:26 AM Error WpxGetFileEdition (onecore\base\ntsetup\wpx\core\store.cpp:103) - 0x80070002:
10/10/2022 11:40:26 AM Error     No SKU information file C:\Program Files\WindowsApps\Microsoft.WindowsConfigurationDesigner_2022.822.0.0_x86__8wekyb3d8bbwe\icd\Microsoft-Desktop-Provisioning.sku.xml available for store file C:\Program Files\WindowsApps\Microsoft.WindowsConfigurationDesigner_2022.822.0.0_x86__8wekyb3d8bbwe\icd\Microsoft-Desktop-Provisioning.dat
10/10/2022 11:40:26 AM Info Loaded settings from Windows Unknown Unknown
11/11/2022 9:31:22 AM Info ICD Started
11/11/2022 9:31:27 AM Warning Image customization functionality is disabled because imaging tools are not installed.
11/11/2022 9:31:27 AM Warning Exception on reading AutoLaunchConfigScenarioId. The key 'AutoLaunchConfigScenarioId' does not exist in the appSettings configuration section.
11/11/2022 9:31:27 AM Warning Exception on reading SUSPCAriaIngestionKey. The key 'SUSPCAriaIngestionKey' does not exist in the appSettings configuration section.
11/11/2022 9:31:27 AM Warning Exception on reading ICDWindowTitle. The key 'ICDWindowTitle' does not exist in the appSettings configuration section.
11/11/2022 9:31:27 AM Warning Exception on reading ICDWindowHeight. The key 'ICDWindowHeight' does not exist in the appSettings configuration section.
11/11/2022 9:31:27 AM Warning Exception on reading ICDWindowWidth. The key 'ICDWindowWidth' does not exist in the appSettings configuration section.
11/11/2022 9:31:27 AM Warning Exception on reading ICDWindowMinHeight. The key 'ICDWindowMinHeight' does not exist in the appSettings configuration section.
11/11/2022 9:31:27 AM Warning Exception on reading ICDWindowMinWidth. The key 'ICDWindowMinWidth' does not exist in the appSettings configuration section.
11/11/2022 9:31:27 AM Warning Exception on reading ICDWindowState. The key 'ICDWindowState' does not exist in the appSettings configuration section.
11/11/2022 9:31:32 AM Info Project 'C:\Users\slassiter\OneDrive - Cosentus Technology Services\Documents\Windows Imaging and Configuration Designer (WICD)\Wilhoit\Wilhoit.icdproj.xml' loaded successfully
11/11/2022 9:31:32 AM Info Loaded Knobs schema hive at C:\Program Files\WindowsApps\Microsoft.WindowsConfigurationDesigner_2022.822.0.0_x86__8wekyb3d8bbwe\icd\Microsoft-Common-Provisioning.dat
11/11/2022 9:31:32 AM Error WpxGetFileEdition (onecore\base\ntsetup\wpx\core\store.cpp:103) - 0x80070002:
11/11/2022 9:31:32 AM Error     No SKU information file C:\Program Files\WindowsApps\Microsoft.WindowsConfigurationDesigner_2022.822.0.0_x86__8wekyb3d8bbwe\icd\Microsoft-Common-Provisioning.sku.xml available for store file C:\Program Files\WindowsApps\Microsoft.WindowsConfigurationDesigner_2022.822.0.0_x86__8wekyb3d8bbwe\icd\Microsoft-Common-Provisioning.dat
11/11/2022 9:31:32 AM Info Loaded settings from Windows Unknown Unknown
11/11/2022 9:31:32 AM Info Loaded Knobs schema hive at C:\Program Files\WindowsApps\Microsoft.WindowsConfigurationDesigner_2022.822.0.0_x86__8wekyb3d8bbwe\icd\Microsoft-Desktop-Provisioning.dat
11/11/2022 9:31:32 AM Error WpxGetFileEdition (onecore\base\ntsetup\wpx\core\store.cpp:103) - 0x80070002:
11/11/2022 9:31:32 AM Error     No SKU information file C:\Program Files\WindowsApps\Microsoft.WindowsConfigurationDesigner_2022.822.0.0_x86__8wekyb3d8bbwe\icd\Microsoft-Desktop-Provisioning.sku.xml available for store file C:\Program Files\WindowsApps\Microsoft.WindowsConfigurationDesigner_2022.822.0.0_x86__8wekyb3d8bbwe\icd\Microsoft-Desktop-Provisioning.dat
11/11/2022 9:31:32 AM Info Loaded settings from Windows Unknown Unknown
11/11/2022 9:31:32 AM Warning Setting constraint violation (0x8007000d) for /ProvisioningCommands/PrimaryContext/Command/0/CommandFile: Value for the asset's source path '\\ATS-FILE\Software\Wilhoit setup\readerdc64_en_xa_cra_install.exe' is not a valid file path

11/11/2022 9:31:40 AM Info Project 'C:\Users\slassiter\OneDrive - Cosentus Technology Services\Documents\Windows Imaging and Configuration Designer (WICD)\Generic Win10\Generic Win10.icdproj.xml' loaded successfully
11/11/2022 9:31:40 AM Info Loaded Knobs schema hive at C:\Program Files\WindowsApps\Microsoft.WindowsConfigurationDesigner_2022.822.0.0_x86__8wekyb3d8bbwe\icd\Microsoft-Common-Provisioning.dat
11/11/2022 9:31:40 AM Error WpxGetFileEdition (onecore\base\ntsetup\wpx\core\store.cpp:103) - 0x80070002:
11/11/2022 9:31:40 AM Error     No SKU information file C:\Program Files\WindowsApps\Microsoft.WindowsConfigurationDesigner_2022.822.0.0_x86__8wekyb3d8bbwe\icd\Microsoft-Common-Provisioning.sku.xml available for store file C:\Program Files\WindowsApps\Microsoft.WindowsConfigurationDesigner_2022.822.0.0_x86__8wekyb3d8bbwe\icd\Microsoft-Common-Provisioning.dat
11/11/2022 9:31:40 AM Info Loaded settings from Windows Unknown Unknown
11/11/2022 9:31:41 AM Info Loaded Knobs schema hive at C:\Program Files\WindowsApps\Microsoft.WindowsConfigurationDesigner_2022.822.0.0_x86__8wekyb3d8bbwe\icd\Microsoft-Desktop-Provisioning.dat
11/11/2022 9:31:41 AM Error WpxGetFileEdition (onecore\base\ntsetup\wpx\core\store.cpp:103) - 0x80070002:
11/11/2022 9:31:41 AM Error     No SKU information file C:\Program Files\WindowsApps\Microsoft.WindowsConfigurationDesigner_2022.822.0.0_x86__8wekyb3d8bbwe\icd\Microsoft-Desktop-Provisioning.sku.xml available for store file C:\Program Files\WindowsApps\Microsoft.WindowsConfigurationDesigner_2022.822.0.0_x86__8wekyb3d8bbwe\icd\Microsoft-Desktop-Provisioning.dat
11/11/2022 9:31:41 AM Info Loaded settings from Windows Unknown Unknown
11/11/2022 9:31:41 AM Warning Setting constraint violation (0x8007000d) for /ProvisioningCommands/PrimaryContext/Command/0/CommandFile: Value for the asset's source path '\\ATS-FILE\Software\Wilhoit setup\readerdc64_en_xa_cra_install.exe' is not a valid file path

11/11/2022 9:31:45 AM Error Exception occurred. Error: System.NullReferenceException: Object reference not set to an instance of an object.
   at Microsoft.Windows.ICD.WebApi.Controllers.TemplateAnswerController.GetTargetSku()
   at lambda_method(Closure , Object , Object[] )
   at System.Web.Http.Controllers.ReflectedHttpActionDescriptor.ActionExecutor.<>c__DisplayClass6_2.<GetExecutor>b__2(Object instance, Object[] methodParameters)
   at System.Web.Http.Controllers.ReflectedHttpActionDescriptor.ActionExecutor.Execute(Object instance, Object[] arguments)
   at System.Web.Http.Controllers.ReflectedHttpActionDescriptor.ExecuteAsync(HttpControllerContext controllerContext, IDictionary`2 arguments, CancellationToken cancellationToken)
--- End of stack trace from previous location where exception was thrown ---
   at System.Runtime.CompilerServices.TaskAwaiter.ThrowForNonSuccess(Task task)
   at System.Runtime.CompilerServices.TaskAwaiter.HandleNonSuccessAndDebuggerNotification(Task task)
   at System.Web.Http.Controllers.ApiControllerActionInvoker.<InvokeActionAsyncCore>d__1.MoveNext()
--- End of stack trace from previous location where exception was thrown ---
   at System.Runtime.CompilerServices.TaskAwaiter.ThrowForNonSuccess(Task task)
   at System.Runtime.CompilerServices.TaskAwaiter.HandleNonSuccessAndDebuggerNotification(Task task)
   at System.Web.Http.Controllers.ActionFilterResult.<ExecuteAsync>d__5.MoveNext()
--- End of stack trace from previous location where exception was thrown ---
   at System.Runtime.CompilerServices.TaskAwaiter.ThrowForNonSuccess(Task task)
   at System.Runtime.CompilerServices.TaskAwaiter.HandleNonSuccessAndDebuggerNotification(Task task)
   at System.Web.Http.Controllers.ExceptionFilterResult.<ExecuteAsync>d__6.MoveNext()
11/11/2022 9:31:45 AM Error Exception occurred. Error: System.InvalidOperationException: There is no active project
   at Microsoft.Windows.ICD.WebApi.Controllers.TemplateAnswerController.<LoadAnswersAsync>d__0.MoveNext()
--- End of stack trace from previous location where exception was thrown ---
   at System.Runtime.CompilerServices.TaskAwaiter.ThrowForNonSuccess(Task task)
   at System.Runtime.CompilerServices.TaskAwaiter.HandleNonSuccessAndDebuggerNotification(Task task)
   at System.Threading.Tasks.TaskHelpersExtensions.<CastToObject>d__1`1.MoveNext()
--- End of stack trace from previous location where exception was thrown ---
   at System.Runtime.CompilerServices.TaskAwaiter.ThrowForNonSuccess(Task task)
   at System.Runtime.CompilerServices.TaskAwaiter.HandleNonSuccessAndDebuggerNotification(Task task)
   at System.Web.Http.Controllers.ApiControllerActionInvoker.<InvokeActionAsyncCore>d__1.MoveNext()
--- End of stack trace from previous location where exception was thrown ---
   at System.Runtime.CompilerServices.TaskAwaiter.ThrowForNonSuccess(Task task)
   at System.Runtime.CompilerServices.TaskAwaiter.HandleNonSuccessAndDebuggerNotification(Task task)
   at System.Web.Http.Controllers.ActionFilterResult.<ExecuteAsync>d__5.MoveNext()
--- End of stack trace from previous location where exception was thrown ---
   at System.Runtime.CompilerServices.TaskAwaiter.ThrowForNonSuccess(Task task)
   at System.Runtime.CompilerServices.TaskAwaiter.HandleNonSuccessAndDebuggerNotification(Task task)
   at System.Web.Http.Controllers.ExceptionFilterResult.<ExecuteAsync>d__6.MoveNext()
11/11/2022 9:31:45 AM Error Exception occurred. Error: System.NullReferenceException: Object reference not set to an instance of an object.
   at Microsoft.Windows.ICD.WebApi.Controllers.TemplateAnswerController.GetTargetSku()
   at lambda_method(Closure , Object , Object[] )
   at System.Web.Http.Controllers.ReflectedHttpActionDescriptor.ActionExecutor.<>c__DisplayClass6_2.<GetExecutor>b__2(Object instance, Object[] methodParameters)
   at System.Web.Http.Controllers.ReflectedHttpActionDescriptor.ActionExecutor.Execute(Object instance, Object[] arguments)
   at System.Web.Http.Controllers.ReflectedHttpActionDescriptor.ExecuteAsync(HttpControllerContext controllerContext, IDictionary`2 arguments, CancellationToken cancellationToken)
--- End of stack trace from previous location where exception was thrown ---
   at System.Runtime.CompilerServices.TaskAwaiter.ThrowForNonSuccess(Task task)
   at System.Runtime.CompilerServices.TaskAwaiter.HandleNonSuccessAndDebuggerNotification(Task task)
   at System.Web.Http.Controllers.ApiControllerActionInvoker.<InvokeActionAsyncCore>d__1.MoveNext()
--- End of stack trace from previous location where exception was thrown ---
   at System.Runtime.CompilerServices.TaskAwaiter.ThrowForNonSuccess(Task task)
   at System.Runtime.CompilerServices.TaskAwaiter.HandleNonSuccessAndDebuggerNotification(Task task)
   at System.Web.Http.Controllers.ActionFilterResult.<ExecuteAsync>d__5.MoveNext()
--- End of stack trace from previous location where exception was thrown ---
   at System.Runtime.CompilerServices.TaskAwaiter.ThrowForNonSuccess(Task task)
   at System.Runtime.CompilerServices.TaskAwaiter.HandleNonSuccessAndDebuggerNotification(Task task)
   at System.Web.Http.Controllers.ExceptionFilterResult.<ExecuteAsync>d__6.MoveNext()
11/11/2022 9:31:45 AM Error Exception occurred. Error: System.InvalidOperationException: There is no active project
   at Microsoft.Windows.ICD.WebApi.Controllers.TemplateAnswerController.IsOptional(String templateId)
   at Microsoft.Windows.ICD.WebApi.Controllers.TemplateAnswerController.<>c__DisplayClass1_0.<IsTemplateOptional>b__0()
   at System.Threading.Tasks.Task`1.InnerInvoke()
   at System.Threading.Tasks.Task.Execute()
--- End of stack trace from previous location where exception was thrown ---
   at System.Runtime.CompilerServices.TaskAwaiter.ThrowForNonSuccess(Task task)
   at System.Runtime.CompilerServices.TaskAwaiter.HandleNonSuccessAndDebuggerNotification(Task task)
   at Microsoft.Windows.ICD.WebApi.Controllers.TemplateAnswerController.<IsTemplateOptional>d__1.MoveNext()
--- End of stack trace from previous location where exception was thrown ---
   at System.Runtime.CompilerServices.TaskAwaiter.ThrowForNonSuccess(Task task)
   at System.Runtime.CompilerServices.TaskAwaiter.HandleNonSuccessAndDebuggerNotification(Task task)
   at System.Threading.Tasks.TaskHelpersExtensions.<CastToObject>d__1`1.MoveNext()
--- End of stack trace from previous location where exception was thrown ---
   at System.Runtime.CompilerServices.TaskAwaiter.ThrowForNonSuccess(Task task)
   at System.Runtime.CompilerServices.TaskAwaiter.HandleNonSuccessAndDebuggerNotification(Task task)
   at System.Web.Http.Controllers.ApiControllerActionInvoker.<InvokeActionAsyncCore>d__1.MoveNext()
--- End of stack trace from previous location where exception was thrown ---
   at System.Runtime.CompilerServices.TaskAwaiter.ThrowForNonSuccess(Task task)
   at System.Runtime.CompilerServices.TaskAwaiter.HandleNonSuccessAndDebuggerNotification(Task task)
   at System.Web.Http.Controllers.ActionFilterResult.<ExecuteAsync>d__5.MoveNext()
--- End of stack trace from previous location where exception was thrown ---
   at System.Runtime.CompilerServices.TaskAwaiter.ThrowForNonSuccess(Task task)
   at System.Runtime.CompilerServices.TaskAwaiter.HandleNonSuccessAndDebuggerNotification(Task task)
   at System.Web.Http.Controllers.ExceptionFilterResult.<ExecuteAsync>d__6.MoveNext()
11/11/2022 9:31:45 AM Error Exception occurred. Error: System.InvalidOperationException: There is no active project
   at Microsoft.Windows.ICD.WebApi.Controllers.TemplateAnswerController.IsOptional(String templateId)
   at Microsoft.Windows.ICD.WebApi.Controllers.TemplateAnswerController.<>c__DisplayClass1_0.<IsTemplateOptional>b__0()
   at System.Threading.Tasks.Task`1.InnerInvoke()
   at System.Threading.Tasks.Task.Execute()
--- End of stack trace from previous location where exception was thrown ---
   at System.Runtime.CompilerServices.TaskAwaiter.ThrowForNonSuccess(Task task)
   at System.Runtime.CompilerServices.TaskAwaiter.HandleNonSuccessAndDebuggerNotification(Task task)
   at Microsoft.Windows.ICD.WebApi.Controllers.TemplateAnswerController.<IsTemplateOptional>d__1.MoveNext()
--- End of stack trace from previous location where exception was thrown ---
   at System.Runtime.CompilerServices.TaskAwaiter.ThrowForNonSuccess(Task task)
   at System.Runtime.CompilerServices.TaskAwaiter.HandleNonSuccessAndDebuggerNotification(Task task)
   at System.Threading.Tasks.TaskHelpersExtensions.<CastToObject>d__1`1.MoveNext()
--- End of stack trace from previous location where exception was thrown ---
   at System.Runtime.CompilerServices.TaskAwaiter.ThrowForNonSuccess(Task task)
   at System.Runtime.CompilerServices.TaskAwaiter.HandleNonSuccessAndDebuggerNotification(Task task)
   at System.Web.Http.Controllers.ApiControllerActionInvoker.<InvokeActionAsyncCore>d__1.MoveNext()
--- End of stack trace from previous location where exception was thrown ---
   at System.Runtime.CompilerServices.TaskAwaiter.ThrowForNonSuccess(Task task)
   at System.Runtime.CompilerServices.TaskAwaiter.HandleNonSuccessAndDebuggerNotification(Task task)
   at System.Web.Http.Controllers.ActionFilterResult.<ExecuteAsync>d__5.MoveNext()
--- End of stack trace from previous location where exception was thrown ---
   at System.Runtime.CompilerServices.TaskAwaiter.ThrowForNonSuccess(Task task)
   at System.Runtime.CompilerServices.TaskAwaiter.HandleNonSuccessAndDebuggerNotification(Task task)
   at System.Web.Http.Controllers.ExceptionFilterResult.<ExecuteAsync>d__6.MoveNext()
11/11/2022 9:31:45 AM Error Exception occurred. Error: System.InvalidOperationException: There is no active project
   at Microsoft.Windows.ICD.WebApi.Controllers.TemplateAnswerController.IsOptional(String templateId)
   at Microsoft.Windows.ICD.WebApi.Controllers.TemplateAnswerController.<>c__DisplayClass1_0.<IsTemplateOptional>b__0()
   at System.Threading.Tasks.Task`1.InnerInvoke()
   at System.Threading.Tasks.Task.Execute()
--- End of stack trace from previous location where exception was thrown ---
   at System.Runtime.CompilerServices.TaskAwaiter.ThrowForNonSuccess(Task task)
   at System.Runtime.CompilerServices.TaskAwaiter.HandleNonSuccessAndDebuggerNotification(Task task)
   at Microsoft.Windows.ICD.WebApi.Controllers.TemplateAnswerController.<IsTemplateOptional>d__1.MoveNext()
--- End of stack trace from previous location where exception was thrown ---
   at System.Runtime.CompilerServices.TaskAwaiter.ThrowForNonSuccess(Task task)
   at System.Runtime.CompilerServices.TaskAwaiter.HandleNonSuccessAndDebuggerNotification(Task task)
   at System.Threading.Tasks.TaskHelpersExtensions.<CastToObject>d__1`1.MoveNext()
--- End of stack trace from previous location where exception was thrown ---
   at System.Runtime.CompilerServices.TaskAwaiter.ThrowForNonSuccess(Task task)
   at System.Runtime.CompilerServices.TaskAwaiter.HandleNonSuccessAndDebuggerNotification(Task task)
   at System.Web.Http.Controllers.ApiControllerActionInvoker.<InvokeActionAsyncCore>d__1.MoveNext()
--- End of stack trace from previous location where exception was thrown ---
   at System.Runtime.CompilerServices.TaskAwaiter.ThrowForNonSuccess(Task task)
   at System.Runtime.CompilerServices.TaskAwaiter.HandleNonSuccessAndDebuggerNotification(Task task)
   at System.Web.Http.Controllers.ActionFilterResult.<ExecuteAsync>d__5.MoveNext()
--- End of stack trace from previous location where exception was thrown ---
   at System.Runtime.CompilerServices.TaskAwaiter.ThrowForNonSuccess(Task task)
   at System.Runtime.CompilerServices.TaskAwaiter.HandleNonSuccessAndDebuggerNotification(Task task)
   at System.Web.Http.Controllers.ExceptionFilterResult.<ExecuteAsync>d__6.MoveNext()
11/11/2022 9:31:45 AM Info Project 'C:\Users\slassiter\OneDrive - Cosentus Technology Services\Documents\Windows Imaging and Configuration Designer (WICD)\Wilhoit Properties\Wilhoit Properties.icdproj.xml' loaded successfully
11/11/2022 9:31:45 AM Info Loaded Knobs schema hive at C:\Program Files\WindowsApps\Microsoft.WindowsConfigurationDesigner_2022.822.0.0_x86__8wekyb3d8bbwe\icd\Microsoft-Common-Provisioning.dat
11/11/2022 9:31:45 AM Error WpxGetFileEdition (onecore\base\ntsetup\wpx\core\store.cpp:103) - 0x80070002:
11/11/2022 9:31:45 AM Error     No SKU information file C:\Program Files\WindowsApps\Microsoft.WindowsConfigurationDesigner_2022.822.0.0_x86__8wekyb3d8bbwe\icd\Microsoft-Common-Provisioning.sku.xml available for store file C:\Program Files\WindowsApps\Microsoft.WindowsConfigurationDesigner_2022.822.0.0_x86__8wekyb3d8bbwe\icd\Microsoft-Common-Provisioning.dat
11/11/2022 9:31:45 AM Info Loaded settings from Windows Unknown Unknown
11/11/2022 9:31:45 AM Info Loaded Knobs schema hive at C:\Program Files\WindowsApps\Microsoft.WindowsConfigurationDesigner_2022.822.0.0_x86__8wekyb3d8bbwe\icd\Microsoft-Desktop-Provisioning.dat
11/11/2022 9:31:45 AM Error WpxGetFileEdition (onecore\base\ntsetup\wpx\core\store.cpp:103) - 0x80070002:
11/11/2022 9:31:45 AM Error     No SKU information file C:\Program Files\WindowsApps\Microsoft.WindowsConfigurationDesigner_2022.822.0.0_x86__8wekyb3d8bbwe\icd\Microsoft-Desktop-Provisioning.sku.xml available for store file C:\Program Files\WindowsApps\Microsoft.WindowsConfigurationDesigner_2022.822.0.0_x86__8wekyb3d8bbwe\icd\Microsoft-Desktop-Provisioning.dat
11/11/2022 9:31:45 AM Info Loaded settings from Windows Unknown Unknown
11/11/2022 9:31:45 AM Warning Setting constraint violation (0x8007000d) for /ProvisioningCommands/PrimaryContext/Command/2/CommandFile: Value for the asset's source path '\\ATS-FILE\Software\Wilhoit setup\readerdc64_en_xa_cra_install.exe' is not a valid file path

